{"/Users/lothbrok/Documents/Documents - MacBook Pro de Lakhdar/BootCode/projet_gestionnaire_de_stock/src/core/_test_/adapters/repositories/InMemoryProductRepository.ts": {"path":"/Users/lothbrok/Documents/Documents - MacBook Pro de Lakhdar/BootCode/projet_gestionnaire_de_stock/src/core/_test_/adapters/repositories/InMemoryProductRepository.ts","statementMap":{"0":{"start":{"line":2,"column":0},"end":{"line":2,"column":62}},"1":{"start":{"line":9,"column":4},"end":{"line":9,"column":19}},"2":{"start":{"line":13,"column":4},"end":{"line":13,"column":44}},"3":{"start":{"line":17,"column":20},"end":{"line":17,"column":36}},"4":{"start":{"line":18,"column":4},"end":{"line":20,"column":5}},"5":{"start":{"line":19,"column":6},"end":{"line":19,"column":null}},"6":{"start":{"line":21,"column":4},"end":{"line":21,"column":19}},"7":{"start":{"line":25,"column":20},"end":{"line":25,"column":38}},"8":{"start":{"line":26,"column":4},"end":{"line":28,"column":5}},"9":{"start":{"line":27,"column":6},"end":{"line":27,"column":null}},"10":{"start":{"line":29,"column":4},"end":{"line":29,"column":19}},"11":{"start":{"line":33,"column":29},"end":{"line":33,"column":48}},"12":{"start":{"line":34,"column":4},"end":{"line":36,"column":5}},"13":{"start":{"line":35,"column":6},"end":{"line":35,"column":null}},"14":{"start":{"line":37,"column":4},"end":{"line":37,"column":10}},"15":{"start":{"line":5,"column":0},"end":{"line":5,"column":13}}},"fnMap":{"0":{"name":"(anonymous_7)","decl":{"start":{"line":8,"column":2},"end":{"line":8,"column":14}},"loc":{"start":{"line":8,"column":39},"end":{"line":10,"column":3}}},"1":{"name":"(anonymous_8)","decl":{"start":{"line":12,"column":8},"end":{"line":12,"column":12}},"loc":{"start":{"line":12,"column":29},"end":{"line":14,"column":null}}},"2":{"name":"(anonymous_10)","decl":{"start":{"line":16,"column":8},"end":{"line":16,"column":15}},"loc":{"start":{"line":16,"column":26},"end":{"line":22,"column":null}}},"3":{"name":"(anonymous_12)","decl":{"start":{"line":24,"column":8},"end":{"line":24,"column":17}},"loc":{"start":{"line":24,"column":30},"end":{"line":30,"column":null}}},"4":{"name":"(anonymous_14)","decl":{"start":{"line":32,"column":8},"end":{"line":32,"column":14}},"loc":{"start":{"line":32,"column":25},"end":{"line":38,"column":null}}}},"branchMap":{"0":{"loc":{"start":{"line":18,"column":4},"end":{"line":20,"column":5}},"type":"if","locations":[{"start":{"line":18,"column":4},"end":{"line":20,"column":5}}]},"1":{"loc":{"start":{"line":26,"column":4},"end":{"line":28,"column":5}},"type":"if","locations":[{"start":{"line":26,"column":4},"end":{"line":28,"column":5}}]},"2":{"loc":{"start":{"line":34,"column":4},"end":{"line":36,"column":5}},"type":"if","locations":[{"start":{"line":34,"column":4},"end":{"line":36,"column":5}}]}},"s":{"0":1,"1":1,"2":0,"3":1,"4":1,"5":1,"6":0,"7":0,"8":0,"9":0,"10":0,"11":0,"12":0,"13":0,"14":0,"15":1},"f":{"0":1,"1":0,"2":1,"3":0,"4":0},"b":{"0":[1],"1":[0],"2":[0]}}
,"/Users/lothbrok/Documents/Documents - MacBook Pro de Lakhdar/BootCode/projet_gestionnaire_de_stock/src/core/_test_/tools/DataBuilders.ts": {"path":"/Users/lothbrok/Documents/Documents - MacBook Pro de Lakhdar/BootCode/projet_gestionnaire_de_stock/src/core/_test_/tools/DataBuilders.ts","statementMap":{"0":{"start":{"line":1,"column":0},"end":{"line":1,"column":26}},"1":{"start":{"line":2,"column":0},"end":{"line":2,"column":40}},"2":{"start":{"line":3,"column":0},"end":{"line":3,"column":62}},"3":{"start":{"line":4,"column":0},"end":{"line":4,"column":45}},"4":{"start":{"line":5,"column":0},"end":{"line":5,"column":45}},"5":{"start":{"line":39,"column":4},"end":{"line":47,"column":7}},"6":{"start":{"line":51,"column":4},"end":{"line":60,"column":7}},"7":{"start":{"line":64,"column":4},"end":{"line":71,"column":null}},"8":{"start":{"line":37,"column":0},"end":{"line":37,"column":13}}},"fnMap":{"0":{"name":"(anonymous_0)","decl":{"start":{"line":38,"column":2},"end":{"line":38,"column":8}},"loc":{"start":{"line":38,"column":48},"end":{"line":48,"column":3}}},"1":{"name":"(anonymous_1)","decl":{"start":{"line":50,"column":2},"end":{"line":50,"column":8}},"loc":{"start":{"line":50,"column":44},"end":{"line":61,"column":3}}},"2":{"name":"(anonymous_2)","decl":{"start":{"line":63,"column":2},"end":{"line":63,"column":8}},"loc":{"start":{"line":63,"column":44},"end":{"line":72,"column":3}}}},"branchMap":{"0":{"loc":{"start":{"line":40,"column":10},"end":{"line":40,"column":37}},"type":"cond-expr","locations":[{"start":{"line":40,"column":22},"end":{"line":40,"column":30}},{"start":{"line":40,"column":33},"end":{"line":40,"column":37}}]},"1":{"loc":{"start":{"line":40,"column":10},"end":{"line":40,"column":19}},"type":"cond-expr","locations":[{"start":{"line":40,"column":15},"end":{"line":40,"column":17}},{"start":{"line":40,"column":10},"end":{"line":40,"column":19}}]},"2":{"loc":{"start":{"line":40,"column":10},"end":{"line":40,"column":17}},"type":"binary-expr","locations":[{"start":{"line":40,"column":10},"end":{"line":40,"column":17}},{"start":{"line":40,"column":10},"end":{"line":40,"column":17}}]},"3":{"loc":{"start":{"line":41,"column":12},"end":{"line":41,"column":69}},"type":"cond-expr","locations":[{"start":{"line":41,"column":26},"end":{"line":41,"column":36}},{"start":{"line":41,"column":39},"end":{"line":41,"column":69}}]},"4":{"loc":{"start":{"line":41,"column":12},"end":{"line":41,"column":23}},"type":"cond-expr","locations":[{"start":{"line":41,"column":17},"end":{"line":41,"column":19}},{"start":{"line":41,"column":12},"end":{"line":41,"column":23}}]},"5":{"loc":{"start":{"line":41,"column":12},"end":{"line":41,"column":19}},"type":"binary-expr","locations":[{"start":{"line":41,"column":12},"end":{"line":41,"column":19}},{"start":{"line":41,"column":12},"end":{"line":41,"column":19}}]},"6":{"loc":{"start":{"line":42,"column":19},"end":{"line":42,"column":77}},"type":"cond-expr","locations":[{"start":{"line":42,"column":40},"end":{"line":42,"column":57}},{"start":{"line":42,"column":60},"end":{"line":42,"column":77}}]},"7":{"loc":{"start":{"line":42,"column":19},"end":{"line":42,"column":37}},"type":"cond-expr","locations":[{"start":{"line":42,"column":24},"end":{"line":42,"column":26}},{"start":{"line":42,"column":19},"end":{"line":42,"column":37}}]},"8":{"loc":{"start":{"line":42,"column":19},"end":{"line":42,"column":26}},"type":"binary-expr","locations":[{"start":{"line":42,"column":19},"end":{"line":42,"column":26}},{"start":{"line":42,"column":19},"end":{"line":42,"column":26}}]},"9":{"loc":{"start":{"line":43,"column":13},"end":{"line":43,"column":82}},"type":"cond-expr","locations":[{"start":{"line":43,"column":28},"end":{"line":43,"column":39}},{"start":{"line":43,"column":42},"end":{"line":43,"column":82}}]},"10":{"loc":{"start":{"line":43,"column":13},"end":{"line":43,"column":25}},"type":"cond-expr","locations":[{"start":{"line":43,"column":18},"end":{"line":43,"column":20}},{"start":{"line":43,"column":13},"end":{"line":43,"column":25}}]},"11":{"loc":{"start":{"line":43,"column":13},"end":{"line":43,"column":20}},"type":"binary-expr","locations":[{"start":{"line":43,"column":13},"end":{"line":43,"column":20}},{"start":{"line":43,"column":13},"end":{"line":43,"column":20}}]},"12":{"loc":{"start":{"line":44,"column":12},"end":{"line":44,"column":77}},"type":"cond-expr","locations":[{"start":{"line":44,"column":26},"end":{"line":44,"column":36}},{"start":{"line":44,"column":39},"end":{"line":44,"column":77}}]},"13":{"loc":{"start":{"line":44,"column":12},"end":{"line":44,"column":23}},"type":"cond-expr","locations":[{"start":{"line":44,"column":17},"end":{"line":44,"column":19}},{"start":{"line":44,"column":12},"end":{"line":44,"column":23}}]},"14":{"loc":{"start":{"line":44,"column":12},"end":{"line":44,"column":19}},"type":"binary-expr","locations":[{"start":{"line":44,"column":12},"end":{"line":44,"column":19}},{"start":{"line":44,"column":12},"end":{"line":44,"column":19}}]},"15":{"loc":{"start":{"line":45,"column":17},"end":{"line":45,"column":64}},"type":"cond-expr","locations":[{"start":{"line":45,"column":36},"end":{"line":45,"column":51}},{"start":{"line":45,"column":54},"end":{"line":45,"column":64}}]},"16":{"loc":{"start":{"line":45,"column":17},"end":{"line":45,"column":33}},"type":"cond-expr","locations":[{"start":{"line":45,"column":22},"end":{"line":45,"column":24}},{"start":{"line":45,"column":17},"end":{"line":45,"column":33}}]},"17":{"loc":{"start":{"line":45,"column":17},"end":{"line":45,"column":24}},"type":"binary-expr","locations":[{"start":{"line":45,"column":17},"end":{"line":45,"column":24}},{"start":{"line":45,"column":17},"end":{"line":45,"column":24}}]},"18":{"loc":{"start":{"line":46,"column":17},"end":{"line":46,"column":64}},"type":"cond-expr","locations":[{"start":{"line":46,"column":36},"end":{"line":46,"column":51}},{"start":{"line":46,"column":54},"end":{"line":46,"column":64}}]},"19":{"loc":{"start":{"line":46,"column":17},"end":{"line":46,"column":33}},"type":"cond-expr","locations":[{"start":{"line":46,"column":22},"end":{"line":46,"column":24}},{"start":{"line":46,"column":17},"end":{"line":46,"column":33}}]},"20":{"loc":{"start":{"line":46,"column":17},"end":{"line":46,"column":24}},"type":"binary-expr","locations":[{"start":{"line":46,"column":17},"end":{"line":46,"column":24}},{"start":{"line":46,"column":17},"end":{"line":46,"column":24}}]},"21":{"loc":{"start":{"line":52,"column":10},"end":{"line":52,"column":37}},"type":"cond-expr","locations":[{"start":{"line":52,"column":22},"end":{"line":52,"column":30}},{"start":{"line":52,"column":33},"end":{"line":52,"column":37}}]},"22":{"loc":{"start":{"line":52,"column":10},"end":{"line":52,"column":19}},"type":"cond-expr","locations":[{"start":{"line":52,"column":15},"end":{"line":52,"column":17}},{"start":{"line":52,"column":10},"end":{"line":52,"column":19}}]},"23":{"loc":{"start":{"line":52,"column":10},"end":{"line":52,"column":17}},"type":"binary-expr","locations":[{"start":{"line":52,"column":10},"end":{"line":52,"column":17}},{"start":{"line":52,"column":10},"end":{"line":52,"column":17}}]},"24":{"loc":{"start":{"line":53,"column":12},"end":{"line":53,"column":51}},"type":"cond-expr","locations":[{"start":{"line":53,"column":26},"end":{"line":53,"column":36}},{"start":{"line":53,"column":39},"end":{"line":53,"column":51}}]},"25":{"loc":{"start":{"line":53,"column":12},"end":{"line":53,"column":23}},"type":"cond-expr","locations":[{"start":{"line":53,"column":17},"end":{"line":53,"column":19}},{"start":{"line":53,"column":12},"end":{"line":53,"column":23}}]},"26":{"loc":{"start":{"line":53,"column":12},"end":{"line":53,"column":19}},"type":"binary-expr","locations":[{"start":{"line":53,"column":12},"end":{"line":53,"column":19}},{"start":{"line":53,"column":12},"end":{"line":53,"column":19}}]},"27":{"loc":{"start":{"line":54,"column":12},"end":{"line":54,"column":60}},"type":"cond-expr","locations":[{"start":{"line":54,"column":26},"end":{"line":54,"column":36}},{"start":{"line":54,"column":39},"end":{"line":54,"column":60}}]},"28":{"loc":{"start":{"line":54,"column":12},"end":{"line":54,"column":23}},"type":"cond-expr","locations":[{"start":{"line":54,"column":17},"end":{"line":54,"column":19}},{"start":{"line":54,"column":12},"end":{"line":54,"column":23}}]},"29":{"loc":{"start":{"line":54,"column":12},"end":{"line":54,"column":19}},"type":"binary-expr","locations":[{"start":{"line":54,"column":12},"end":{"line":54,"column":19}},{"start":{"line":54,"column":12},"end":{"line":54,"column":19}}]},"30":{"loc":{"start":{"line":55,"column":16},"end":{"line":55,"column":57}},"type":"cond-expr","locations":[{"start":{"line":55,"column":34},"end":{"line":55,"column":48}},{"start":{"line":55,"column":51},"end":{"line":55,"column":57}}]},"31":{"loc":{"start":{"line":55,"column":16},"end":{"line":55,"column":31}},"type":"cond-expr","locations":[{"start":{"line":55,"column":21},"end":{"line":55,"column":23}},{"start":{"line":55,"column":16},"end":{"line":55,"column":31}}]},"32":{"loc":{"start":{"line":55,"column":16},"end":{"line":55,"column":23}},"type":"binary-expr","locations":[{"start":{"line":55,"column":16},"end":{"line":55,"column":23}},{"start":{"line":55,"column":16},"end":{"line":55,"column":23}}]},"33":{"loc":{"start":{"line":56,"column":21},"end":{"line":56,"column":70}},"type":"cond-expr","locations":[{"start":{"line":56,"column":44},"end":{"line":56,"column":63}},{"start":{"line":56,"column":66},"end":{"line":56,"column":70}}]},"34":{"loc":{"start":{"line":56,"column":21},"end":{"line":56,"column":41}},"type":"cond-expr","locations":[{"start":{"line":56,"column":26},"end":{"line":56,"column":28}},{"start":{"line":56,"column":21},"end":{"line":56,"column":41}}]},"35":{"loc":{"start":{"line":56,"column":21},"end":{"line":56,"column":28}},"type":"binary-expr","locations":[{"start":{"line":56,"column":21},"end":{"line":56,"column":28}},{"start":{"line":56,"column":21},"end":{"line":56,"column":28}}]},"36":{"loc":{"start":{"line":57,"column":22},"end":{"line":57,"column":70}},"type":"cond-expr","locations":[{"start":{"line":57,"column":46},"end":{"line":57,"column":66}},{"start":{"line":57,"column":69},"end":{"line":57,"column":70}}]},"37":{"loc":{"start":{"line":57,"column":22},"end":{"line":57,"column":43}},"type":"cond-expr","locations":[{"start":{"line":57,"column":27},"end":{"line":57,"column":29}},{"start":{"line":57,"column":22},"end":{"line":57,"column":43}}]},"38":{"loc":{"start":{"line":57,"column":22},"end":{"line":57,"column":29}},"type":"binary-expr","locations":[{"start":{"line":57,"column":22},"end":{"line":57,"column":29}},{"start":{"line":57,"column":22},"end":{"line":57,"column":29}}]},"39":{"loc":{"start":{"line":58,"column":17},"end":{"line":58,"column":64}},"type":"cond-expr","locations":[{"start":{"line":58,"column":36},"end":{"line":58,"column":51}},{"start":{"line":58,"column":54},"end":{"line":58,"column":64}}]},"40":{"loc":{"start":{"line":58,"column":17},"end":{"line":58,"column":33}},"type":"cond-expr","locations":[{"start":{"line":58,"column":22},"end":{"line":58,"column":24}},{"start":{"line":58,"column":17},"end":{"line":58,"column":33}}]},"41":{"loc":{"start":{"line":58,"column":17},"end":{"line":58,"column":24}},"type":"binary-expr","locations":[{"start":{"line":58,"column":17},"end":{"line":58,"column":24}},{"start":{"line":58,"column":17},"end":{"line":58,"column":24}}]},"42":{"loc":{"start":{"line":59,"column":17},"end":{"line":59,"column":64}},"type":"cond-expr","locations":[{"start":{"line":59,"column":36},"end":{"line":59,"column":51}},{"start":{"line":59,"column":54},"end":{"line":59,"column":64}}]},"43":{"loc":{"start":{"line":59,"column":17},"end":{"line":59,"column":33}},"type":"cond-expr","locations":[{"start":{"line":59,"column":22},"end":{"line":59,"column":24}},{"start":{"line":59,"column":17},"end":{"line":59,"column":33}}]},"44":{"loc":{"start":{"line":59,"column":17},"end":{"line":59,"column":24}},"type":"binary-expr","locations":[{"start":{"line":59,"column":17},"end":{"line":59,"column":24}},{"start":{"line":59,"column":17},"end":{"line":59,"column":24}}]},"45":{"loc":{"start":{"line":65,"column":10},"end":{"line":65,"column":37}},"type":"cond-expr","locations":[{"start":{"line":65,"column":22},"end":{"line":65,"column":30}},{"start":{"line":65,"column":33},"end":{"line":65,"column":37}}]},"46":{"loc":{"start":{"line":65,"column":10},"end":{"line":65,"column":19}},"type":"cond-expr","locations":[{"start":{"line":65,"column":15},"end":{"line":65,"column":17}},{"start":{"line":65,"column":10},"end":{"line":65,"column":19}}]},"47":{"loc":{"start":{"line":65,"column":10},"end":{"line":65,"column":17}},"type":"binary-expr","locations":[{"start":{"line":65,"column":10},"end":{"line":65,"column":17}},{"start":{"line":65,"column":10},"end":{"line":65,"column":17}}]},"48":{"loc":{"start":{"line":66,"column":18},"end":{"line":66,"column":61}},"type":"cond-expr","locations":[{"start":{"line":66,"column":38},"end":{"line":66,"column":54}},{"start":{"line":66,"column":57},"end":{"line":66,"column":61}}]},"49":{"loc":{"start":{"line":66,"column":18},"end":{"line":66,"column":35}},"type":"cond-expr","locations":[{"start":{"line":66,"column":23},"end":{"line":66,"column":25}},{"start":{"line":66,"column":18},"end":{"line":66,"column":35}}]},"50":{"loc":{"start":{"line":66,"column":18},"end":{"line":66,"column":25}},"type":"binary-expr","locations":[{"start":{"line":66,"column":18},"end":{"line":66,"column":25}},{"start":{"line":66,"column":18},"end":{"line":66,"column":25}}]},"51":{"loc":{"start":{"line":67,"column":18},"end":{"line":67,"column":59}},"type":"cond-expr","locations":[{"start":{"line":67,"column":38},"end":{"line":67,"column":54}},{"start":{"line":67,"column":57},"end":{"line":67,"column":59}}]},"52":{"loc":{"start":{"line":67,"column":18},"end":{"line":67,"column":35}},"type":"cond-expr","locations":[{"start":{"line":67,"column":23},"end":{"line":67,"column":25}},{"start":{"line":67,"column":18},"end":{"line":67,"column":35}}]},"53":{"loc":{"start":{"line":67,"column":18},"end":{"line":67,"column":25}},"type":"binary-expr","locations":[{"start":{"line":67,"column":18},"end":{"line":67,"column":25}},{"start":{"line":67,"column":18},"end":{"line":67,"column":25}}]},"54":{"loc":{"start":{"line":68,"column":17},"end":{"line":68,"column":64}},"type":"cond-expr","locations":[{"start":{"line":68,"column":36},"end":{"line":68,"column":51}},{"start":{"line":68,"column":54},"end":{"line":68,"column":64}}]},"55":{"loc":{"start":{"line":68,"column":17},"end":{"line":68,"column":33}},"type":"cond-expr","locations":[{"start":{"line":68,"column":22},"end":{"line":68,"column":24}},{"start":{"line":68,"column":17},"end":{"line":68,"column":33}}]},"56":{"loc":{"start":{"line":68,"column":17},"end":{"line":68,"column":24}},"type":"binary-expr","locations":[{"start":{"line":68,"column":17},"end":{"line":68,"column":24}},{"start":{"line":68,"column":17},"end":{"line":68,"column":24}}]},"57":{"loc":{"start":{"line":69,"column":21},"end":{"line":69,"column":76}},"type":"cond-expr","locations":[{"start":{"line":69,"column":44},"end":{"line":69,"column":63}},{"start":{"line":69,"column":66},"end":{"line":69,"column":76}}]},"58":{"loc":{"start":{"line":69,"column":21},"end":{"line":69,"column":41}},"type":"cond-expr","locations":[{"start":{"line":69,"column":26},"end":{"line":69,"column":28}},{"start":{"line":69,"column":21},"end":{"line":69,"column":41}}]},"59":{"loc":{"start":{"line":69,"column":21},"end":{"line":69,"column":28}},"type":"binary-expr","locations":[{"start":{"line":69,"column":21},"end":{"line":69,"column":28}},{"start":{"line":69,"column":21},"end":{"line":69,"column":28}}]},"60":{"loc":{"start":{"line":70,"column":17},"end":{"line":70,"column":64}},"type":"cond-expr","locations":[{"start":{"line":70,"column":36},"end":{"line":70,"column":51}},{"start":{"line":70,"column":54},"end":{"line":70,"column":64}}]},"61":{"loc":{"start":{"line":70,"column":17},"end":{"line":70,"column":33}},"type":"cond-expr","locations":[{"start":{"line":70,"column":22},"end":{"line":70,"column":24}},{"start":{"line":70,"column":17},"end":{"line":70,"column":33}}]},"62":{"loc":{"start":{"line":70,"column":17},"end":{"line":70,"column":24}},"type":"binary-expr","locations":[{"start":{"line":70,"column":17},"end":{"line":70,"column":24}},{"start":{"line":70,"column":17},"end":{"line":70,"column":24}}]}},"s":{"0":1,"1":1,"2":1,"3":1,"4":1,"5":1,"6":0,"7":0,"8":1},"f":{"0":1,"1":0,"2":0},"b":{"0":[0,1],"1":[0,1],"2":[1,1],"3":[0,1],"4":[0,1],"5":[1,1],"6":[0,1],"7":[0,1],"8":[1,1],"9":[0,1],"10":[0,1],"11":[1,1],"12":[0,1],"13":[0,1],"14":[1,1],"15":[0,1],"16":[0,1],"17":[1,1],"18":[0,1],"19":[0,1],"20":[1,1],"21":[0,0],"22":[0,0],"23":[0,0],"24":[0,0],"25":[0,0],"26":[0,0],"27":[0,0],"28":[0,0],"29":[0,0],"30":[0,0],"31":[0,0],"32":[0,0],"33":[0,0],"34":[0,0],"35":[0,0],"36":[0,0],"37":[0,0],"38":[0,0],"39":[0,0],"40":[0,0],"41":[0,0],"42":[0,0],"43":[0,0],"44":[0,0],"45":[0,0],"46":[0,0],"47":[0,0],"48":[0,0],"49":[0,0],"50":[0,0],"51":[0,0],"52":[0,0],"53":[0,0],"54":[0,0],"55":[0,0],"56":[0,0],"57":[0,0],"58":[0,0],"59":[0,0],"60":[0,0],"61":[0,0],"62":[0,0]}}
,"/Users/lothbrok/Documents/Documents - MacBook Pro de Lakhdar/BootCode/projet_gestionnaire_de_stock/src/core/entities/Order.ts": {"path":"/Users/lothbrok/Documents/Documents - MacBook Pro de Lakhdar/BootCode/projet_gestionnaire_de_stock/src/core/entities/Order.ts","statementMap":{"0":{"start":{"line":1,"column":0},"end":{"line":1,"column":26}},"1":{"start":{"line":2,"column":0},"end":{"line":2,"column":65}},"2":{"start":{"line":17,"column":4},"end":{"line":17,"column":33}},"3":{"start":{"line":21,"column":18},"end":{"line":28,"column":6}},"4":{"start":{"line":29,"column":4},"end":{"line":29,"column":17}},"5":{"start":{"line":33,"column":4},"end":{"line":33,"column":null}},"6":{"start":{"line":34,"column":4},"end":{"line":34,"column":16}},"7":{"start":{"line":13,"column":0},"end":{"line":13,"column":13}}},"fnMap":{"0":{"name":"(anonymous_0)","decl":{"start":{"line":16,"column":2},"end":{"line":16,"column":14}},"loc":{"start":{"line":16,"column":46},"end":{"line":18,"column":3}}},"1":{"name":"(anonymous_1)","decl":{"start":{"line":20,"column":2},"end":{"line":20,"column":8}},"loc":{"start":{"line":20,"column":67},"end":{"line":30,"column":3}}},"2":{"name":"(anonymous_2)","decl":{"start":{"line":32,"column":2},"end":{"line":32,"column":8}},"loc":{"start":{"line":32,"column":31},"end":{"line":35,"column":3}}}},"branchMap":{},"s":{"0":1,"1":1,"2":0,"3":0,"4":0,"5":0,"6":0,"7":1},"f":{"0":0,"1":0,"2":0},"b":{}}
,"/Users/lothbrok/Documents/Documents - MacBook Pro de Lakhdar/BootCode/projet_gestionnaire_de_stock/src/core/entities/Product.ts": {"path":"/Users/lothbrok/Documents/Documents - MacBook Pro de Lakhdar/BootCode/projet_gestionnaire_de_stock/src/core/entities/Product.ts","statementMap":{"0":{"start":{"line":1,"column":0},"end":{"line":1,"column":26}},"1":{"start":{"line":3,"column":0},"end":{"line":3,"column":null}},"2":{"start":{"line":4,"column":2},"end":{"line":4,"column":null}},"3":{"start":{"line":5,"column":2},"end":{"line":5,"column":null}},"4":{"start":{"line":8,"column":0},"end":{"line":8,"column":null}},"5":{"start":{"line":9,"column":2},"end":{"line":9,"column":null}},"6":{"start":{"line":10,"column":2},"end":{"line":10,"column":null}},"7":{"start":{"line":11,"column":2},"end":{"line":11,"column":null}},"8":{"start":{"line":12,"column":2},"end":{"line":12,"column":null}},"9":{"start":{"line":13,"column":2},"end":{"line":13,"column":null}},"10":{"start":{"line":14,"column":2},"end":{"line":14,"column":null}},"11":{"start":{"line":31,"column":4},"end":{"line":31,"column":35}},"12":{"start":{"line":35,"column":20},"end":{"line":42,"column":6}},"13":{"start":{"line":43,"column":4},"end":{"line":43,"column":19}},"14":{"start":{"line":47,"column":4},"end":{"line":47,"column":32}},"15":{"start":{"line":48,"column":4},"end":{"line":48,"column":16}},"16":{"start":{"line":27,"column":0},"end":{"line":27,"column":13}}},"fnMap":{"0":{"name":"(anonymous_0)","decl":{"start":{"line":3,"column":0},"end":{"line":3,"column":12}},"loc":{"start":{"line":3,"column":23},"end":{"line":6,"column":1}}},"1":{"name":"(anonymous_1)","decl":{"start":{"line":8,"column":0},"end":{"line":8,"column":12}},"loc":{"start":{"line":8,"column":16},"end":{"line":15,"column":1}}},"2":{"name":"(anonymous_2)","decl":{"start":{"line":30,"column":2},"end":{"line":30,"column":14}},"loc":{"start":{"line":30,"column":50},"end":{"line":32,"column":3}}},"3":{"name":"(anonymous_3)","decl":{"start":{"line":34,"column":2},"end":{"line":34,"column":8}},"loc":{"start":{"line":34,"column":92},"end":{"line":44,"column":3}}},"4":{"name":"(anonymous_4)","decl":{"start":{"line":46,"column":2},"end":{"line":46,"column":8}},"loc":{"start":{"line":46,"column":25},"end":{"line":49,"column":3}}}},"branchMap":{"0":{"loc":{"start":{"line":3,"column":12},"end":{"line":3,"column":null}},"type":"binary-expr","locations":[{"start":{"line":3,"column":12},"end":{"line":3,"column":23}},{"start":{"line":3,"column":23},"end":{"line":3,"column":null}}]},"1":{"loc":{"start":{"line":8,"column":12},"end":{"line":8,"column":null}},"type":"binary-expr","locations":[{"start":{"line":8,"column":12},"end":{"line":8,"column":16}},{"start":{"line":8,"column":16},"end":{"line":8,"column":null}}]}},"s":{"0":1,"1":1,"2":1,"3":1,"4":1,"5":1,"6":1,"7":1,"8":1,"9":1,"10":1,"11":1,"12":0,"13":0,"14":0,"15":0,"16":1},"f":{"0":1,"1":1,"2":1,"3":0,"4":0},"b":{"0":[1,1],"1":[1,1]}}
,"/Users/lothbrok/Documents/Documents - MacBook Pro de Lakhdar/BootCode/projet_gestionnaire_de_stock/src/core/entities/Store.ts": {"path":"/Users/lothbrok/Documents/Documents - MacBook Pro de Lakhdar/BootCode/projet_gestionnaire_de_stock/src/core/entities/Store.ts","statementMap":{"0":{"start":{"line":1,"column":0},"end":{"line":1,"column":26}},"1":{"start":{"line":2,"column":0},"end":{"line":2,"column":67}},"2":{"start":{"line":19,"column":4},"end":{"line":19,"column":33}},"3":{"start":{"line":23,"column":18},"end":{"line":32,"column":6}},"4":{"start":{"line":33,"column":4},"end":{"line":33,"column":17}},"5":{"start":{"line":37,"column":4},"end":{"line":37,"column":null}},"6":{"start":{"line":38,"column":4},"end":{"line":38,"column":null}},"7":{"start":{"line":15,"column":0},"end":{"line":15,"column":13}}},"fnMap":{"0":{"name":"(anonymous_0)","decl":{"start":{"line":18,"column":2},"end":{"line":18,"column":14}},"loc":{"start":{"line":18,"column":46},"end":{"line":20,"column":3}}},"1":{"name":"(anonymous_1)","decl":{"start":{"line":22,"column":2},"end":{"line":22,"column":8}},"loc":{"start":{"line":22,"column":92},"end":{"line":34,"column":3}}},"2":{"name":"(anonymous_2)","decl":{"start":{"line":36,"column":2},"end":{"line":36,"column":8}},"loc":{"start":{"line":36,"column":34},"end":{"line":39,"column":3}}}},"branchMap":{},"s":{"0":1,"1":1,"2":0,"3":0,"4":0,"5":0,"6":0,"7":1},"f":{"0":0,"1":0,"2":0},"b":{}}
,"/Users/lothbrok/Documents/Documents - MacBook Pro de Lakhdar/BootCode/projet_gestionnaire_de_stock/src/core/errors/DomainErrors.ts": {"path":"/Users/lothbrok/Documents/Documents - MacBook Pro de Lakhdar/BootCode/projet_gestionnaire_de_stock/src/core/errors/DomainErrors.ts","statementMap":{"0":{"start":{"line":1,"column":0},"end":{"line":1,"column":13}}},"fnMap":{},"branchMap":{},"s":{"0":1},"f":{},"b":{}}
,"/Users/lothbrok/Documents/Documents - MacBook Pro de Lakhdar/BootCode/projet_gestionnaire_de_stock/src/core/errors/ProductErrors.ts": {"path":"/Users/lothbrok/Documents/Documents - MacBook Pro de Lakhdar/BootCode/projet_gestionnaire_de_stock/src/core/errors/ProductErrors.ts","statementMap":{"0":{"start":{"line":1,"column":0},"end":{"line":1,"column":46}},"1":{"start":{"line":3,"column":0},"end":{"line":3,"column":null}},"2":{"start":{"line":6,"column":6},"end":{"line":6,"column":33}},"3":{"start":{"line":4,"column":15},"end":{"line":8,"column":null}},"4":{"start":{"line":12,"column":6},"end":{"line":12,"column":46}},"5":{"start":{"line":10,"column":15},"end":{"line":14,"column":null}}},"fnMap":{"0":{"name":"(anonymous_0)","decl":{"start":{"line":3,"column":0},"end":{"line":3,"column":17}},"loc":{"start":{"line":3,"column":30},"end":{"line":15,"column":1}}},"1":{"name":"(anonymous_1)","decl":{"start":{"line":5,"column":4},"end":{"line":5,"column":null}},"loc":{"start":{"line":5,"column":4},"end":{"line":7,"column":5}}},"2":{"name":"(anonymous_2)","decl":{"start":{"line":11,"column":4},"end":{"line":11,"column":null}},"loc":{"start":{"line":11,"column":4},"end":{"line":13,"column":5}}}},"branchMap":{"0":{"loc":{"start":{"line":3,"column":17},"end":{"line":3,"column":null}},"type":"binary-expr","locations":[{"start":{"line":3,"column":17},"end":{"line":3,"column":30}},{"start":{"line":3,"column":30},"end":{"line":3,"column":null}}]}},"s":{"0":1,"1":1,"2":0,"3":1,"4":0,"5":1},"f":{"0":1,"1":0,"2":0},"b":{"0":[1,1]}}
,"/Users/lothbrok/Documents/Documents - MacBook Pro de Lakhdar/BootCode/projet_gestionnaire_de_stock/src/core/usecases/Product/GetProductById.ts": {"path":"/Users/lothbrok/Documents/Documents - MacBook Pro de Lakhdar/BootCode/projet_gestionnaire_de_stock/src/core/usecases/Product/GetProductById.ts","statementMap":{"0":{"start":{"line":10,"column":31},"end":{"line":10,"column":68}},"1":{"start":{"line":13,"column":20},"end":{"line":13,"column":61}},"2":{"start":{"line":15,"column":4},"end":{"line":15,"column":null}},"3":{"start":{"line":9,"column":0},"end":{"line":9,"column":13}}},"fnMap":{"0":{"name":"(anonymous_7)","decl":{"start":{"line":10,"column":2},"end":{"line":10,"column":31}},"loc":{"start":{"line":10,"column":68},"end":{"line":10,"column":72}}},"1":{"name":"(anonymous_8)","decl":{"start":{"line":12,"column":8},"end":{"line":12,"column":15}},"loc":{"start":{"line":12,"column":42},"end":{"line":16,"column":null}}}},"branchMap":{},"s":{"0":1,"1":1,"2":1,"3":1},"f":{"0":1,"1":1},"b":{}}
,"/Users/lothbrok/Documents/Documents - MacBook Pro de Lakhdar/BootCode/projet_gestionnaire_de_stock/src/core/valuesObject.ts/DateOfArrival.ts": {"path":"/Users/lothbrok/Documents/Documents - MacBook Pro de Lakhdar/BootCode/projet_gestionnaire_de_stock/src/core/valuesObject.ts/DateOfArrival.ts","statementMap":{"0":{"start":{"line":3,"column":29},"end":{"line":3,"column":74}},"1":{"start":{"line":4,"column":29},"end":{"line":4,"column":78}},"2":{"start":{"line":5,"column":4},"end":{"line":7,"column":5}},"3":{"start":{"line":6,"column":6},"end":{"line":6,"column":50}},"4":{"start":{"line":8,"column":4},"end":{"line":8,"column":22}},"5":{"start":{"line":1,"column":0},"end":{"line":1,"column":13}}},"fnMap":{"0":{"name":"(anonymous_0)","decl":{"start":{"line":2,"column":2},"end":{"line":2,"column":8}},"loc":{"start":{"line":2,"column":75},"end":{"line":9,"column":3}}}},"branchMap":{"0":{"loc":{"start":{"line":5,"column":4},"end":{"line":7,"column":5}},"type":"if","locations":[{"start":{"line":5,"column":4},"end":{"line":7,"column":5}}]}},"s":{"0":0,"1":0,"2":0,"3":0,"4":0,"5":1},"f":{"0":0},"b":{"0":[0]}}
,"/Users/lothbrok/Documents/Documents - MacBook Pro de Lakhdar/BootCode/projet_gestionnaire_de_stock/src/core/valuesObject.ts/PriceReduction.ts": {"path":"/Users/lothbrok/Documents/Documents - MacBook Pro de Lakhdar/BootCode/projet_gestionnaire_de_stock/src/core/valuesObject.ts/PriceReduction.ts","statementMap":{"0":{"start":{"line":3,"column":29},"end":{"line":3,"column":30}},"1":{"start":{"line":4,"column":8},"end":{"line":6,"column":9}},"2":{"start":{"line":5,"column":12},"end":{"line":5,"column":null}},"3":{"start":{"line":7,"column":8},"end":{"line":9,"column":9}},"4":{"start":{"line":8,"column":12},"end":{"line":8,"column":null}},"5":{"start":{"line":10,"column":8},"end":{"line":10,"column":null}},"6":{"start":{"line":1,"column":0},"end":{"line":1,"column":13}}},"fnMap":{"0":{"name":"(anonymous_0)","decl":{"start":{"line":2,"column":4},"end":{"line":2,"column":10}},"loc":{"start":{"line":2,"column":38},"end":{"line":11,"column":5}}}},"branchMap":{"0":{"loc":{"start":{"line":4,"column":8},"end":{"line":6,"column":9}},"type":"if","locations":[{"start":{"line":4,"column":8},"end":{"line":6,"column":9}}]},"1":{"loc":{"start":{"line":7,"column":8},"end":{"line":9,"column":9}},"type":"if","locations":[{"start":{"line":7,"column":8},"end":{"line":9,"column":9}}]},"2":{"loc":{"start":{"line":7,"column":11},"end":{"line":7,"column":56}},"type":"binary-expr","locations":[{"start":{"line":7,"column":11},"end":{"line":7,"column":31}},{"start":{"line":7,"column":35},"end":{"line":7,"column":56}}]}},"s":{"0":0,"1":0,"2":0,"3":0,"4":0,"5":0,"6":1},"f":{"0":0},"b":{"0":[0],"1":[0],"2":[0,0]}}
}
